     16183936 K total memory
       177288 K used memory
     11846084 K active memory
      3709360 K inactive memory
       293220 K free memory
            0 K buffer memory
     15713428 K swap cache
      8191996 K total swap
        99072 K used swap
      8092924 K free swap
       371450 non-nice user cpu ticks
           18 nice user cpu ticks
       141780 system cpu ticks
      3267639 idle cpu ticks
       365756 IO-wait cpu ticks
            0 IRQ cpu ticks
         4758 softirq cpu ticks
            0 stolen cpu ticks
    425193413 pages paged in
     24852916 pages paged out
       467741 pages swapped in
       492122 pages swapped out
     36136357 interrupts
     70059338 CPU context switches
   1557998012 boot time
        33514 forks
