     16183936 K total memory
       180080 K used memory
     14323284 K active memory
      1289100 K inactive memory
       235872 K free memory
            0 K buffer memory
     15767984 K swap cache
      8191996 K total swap
       112384 K used swap
      8079612 K free swap
       434671 non-nice user cpu ticks
           18 nice user cpu ticks
       157635 system cpu ticks
      3457991 idle cpu ticks
       398120 IO-wait cpu ticks
            0 IRQ cpu ticks
         5304 softirq cpu ticks
            0 stolen cpu ticks
    467744001 pages paged in
     30146472 pages paged out
       497396 pages swapped in
       523698 pages swapped out
     40699139 interrupts
     83346885 CPU context switches
   1557998012 boot time
        33809 forks
