     16183936 K total memory
       187208 K used memory
     13310128 K active memory
      2169616 K inactive memory
       367636 K free memory
            0 K buffer memory
     15629092 K swap cache
      8191996 K total swap
       117248 K used swap
      8074748 K free swap
       336326 non-nice user cpu ticks
           18 nice user cpu ticks
       117934 system cpu ticks
      3083859 idle cpu ticks
       292097 IO-wait cpu ticks
            0 IRQ cpu ticks
         3842 softirq cpu ticks
            0 stolen cpu ticks
    350292585 pages paged in
     24182956 pages paged out
       433446 pages swapped in
       462714 pages swapped out
     29497842 interrupts
     64346259 CPU context switches
   1557998012 boot time
        33197 forks
