     16183936 K total memory
       176816 K used memory
      9847264 K active memory
      5778868 K inactive memory
       222928 K free memory
            0 K buffer memory
     15784192 K swap cache
      8191996 K total swap
        98304 K used swap
      8093692 K free swap
       419419 non-nice user cpu ticks
           18 nice user cpu ticks
       153644 system cpu ticks
      3404732 idle cpu ticks
       388297 IO-wait cpu ticks
            0 IRQ cpu ticks
         5176 softirq cpu ticks
            0 stolen cpu ticks
    458825569 pages paged in
     29825912 pages paged out
       489196 pages swapped in
       512874 pages swapped out
     39772651 interrupts
     82062227 CPU context switches
   1557998012 boot time
        33732 forks
