     16183936 K total memory
       187544 K used memory
      9476472 K active memory
      5180068 K inactive memory
      1183656 K free memory
            0 K buffer memory
     14812736 K swap cache
      8191996 K total swap
        97536 K used swap
      8094460 K free swap
       353403 non-nice user cpu ticks
           18 nice user cpu ticks
       133031 system cpu ticks
      3177801 idle cpu ticks
       339721 IO-wait cpu ticks
            0 IRQ cpu ticks
         4395 softirq cpu ticks
            0 stolen cpu ticks
    399823497 pages paged in
     24667740 pages paged out
       452326 pages swapped in
       477212 pages swapped out
     33759080 interrupts
     67643964 CPU context switches
   1557998012 boot time
        33303 forks
