     16183936 K total memory
       187824 K used memory
     11389588 K active memory
      4246164 K inactive memory
       203920 K free memory
            0 K buffer memory
     15792192 K swap cache
      8191996 K total swap
        99072 K used swap
      8092924 K free swap
       435387 non-nice user cpu ticks
           18 nice user cpu ticks
       158018 system cpu ticks
      3459991 idle cpu ticks
       398993 IO-wait cpu ticks
            0 IRQ cpu ticks
         5315 softirq cpu ticks
            0 stolen cpu ticks
    468769401 pages paged in
     30148716 pages paged out
       500758 pages swapped in
       524259 pages swapped out
     40753668 interrupts
     83400993 CPU context switches
   1557998012 boot time
        33828 forks
