     16183936 K total memory
       187588 K used memory
     10903968 K active memory
      4759552 K inactive memory
       175328 K free memory
            0 K buffer memory
     15821020 K swap cache
      8191996 K total swap
        99584 K used swap
      8092412 K free swap
       369165 non-nice user cpu ticks
           18 nice user cpu ticks
       141029 system cpu ticks
      3257811 idle cpu ticks
       365436 IO-wait cpu ticks
            0 IRQ cpu ticks
         4754 softirq cpu ticks
            0 stolen cpu ticks
    424787629 pages paged in
     24852652 pages paged out
       467676 pages swapped in
       492085 pages swapped out
     36075430 interrupts
     70025133 CPU context switches
   1557998012 boot time
        33467 forks
