     16183936 K total memory
       177244 K used memory
     11402588 K active memory
      4231628 K inactive memory
       214264 K free memory
            0 K buffer memory
     15792428 K swap cache
      8191996 K total swap
        99072 K used swap
      8092924 K free swap
       435547 non-nice user cpu ticks
           18 nice user cpu ticks
       158080 system cpu ticks
      3460415 idle cpu ticks
       398994 IO-wait cpu ticks
            0 IRQ cpu ticks
         5315 softirq cpu ticks
            0 stolen cpu ticks
    468769769 pages paged in
     30148716 pages paged out
       500776 pages swapped in
       524259 pages swapped out
     40756929 interrupts
     83402971 CPU context switches
   1557998012 boot time
        33847 forks
