procs -----------memory---------- ---swap-- -----io---- -system-- ------cpu-----
 r  b   swpd   free   buff  cache   si   so    bi    bo   in   cs us sy id wa st
 1  0  64256 4359964      0 11643496   35   37  9004   648  754  516  8  3 81  7  0
 0  1  64256 1393584      0 14519656    8    0 148657    17 2894 2711  8  3 84  6  0
 0  1  64512 163760      0 15103784    0   17 59286    44 3778 4375  8  2 83  6  0
 0  1  64512 171680      0 15094664    1    0 89163    15 5689 7506  5  3 83  9  0
 1  0  64512 672284      0 15086556    0    0 126019    25 5931 6311  5  3 83  8  0
 1  0  64512 455284      0 15087596    0    0    52     0 1145  233 15  2 83  0  0
 3  0  64512 857892      0 15099600    0    0   587    64 2024  327 29  2 69  0  0
 3  0  64512 855772      0 15100424    3    0     3     1 3117  262 47  2 50  0  0
 3  0  64256 853400      0 15101636   35    0    54    41 3491  267 47  2 50  0  0
 3  0  64256 853380      0 15102360    0    0     0     0 3235  207 47  2 51  0  0
 0  0  64256 898172      0 15102096    0    0     0    18 3494  206 47  2 51  0  0
 2  0 100352 185316      0 15734240 2876 5217 22893  5218 3211 2269 13  4 80  3  0
 1  0  76544 339804      0 15640272 2345  717 101721   731 11002 18354 15  7 51 26  0
 0  0  76032 354480      0 15647888   29    0   218     5 2992  556 37 10 54  0  0
 3  1 412928 173860      0 15786888 2698 24590 146518 24610 10446 13707  5 12 58 25  0
 2  1  90112 167376      0 15761176 21565  219 145318   255 13008 15417  5 12 51 33  0
 1  0  86528 156572      0 15790404  209  158 87318   178 5432 12270 14 17 56 13  0
 0  3  89856 159332      0 15768188    9  223 131122   243 13137 21796 11  8 49 31  0
 3  0  99328 178684      0 15736840 1314 1348 151618  1378 13361 24539 10  7 49 34  0
 2  1 110080 172128      0 15747464  206  987 139255   988 12320 23461 10  5 52 33  0
 3  0 117504 177552      0 15736812   29  514 83585   540 9953 14673 21  7 51 21  0
procs -----------memory---------- ---swap-- -----io---- -system-- ------cpu-----
 r  b   swpd   free   buff  cache   si   so    bi    bo   in   cs us sy id wa st
 1  0  92672 168804      0 15812072 1573  439 47431   441 6088 3194 14  7 75  4  0
 1  3  94464 179020      0 15770772    5  135 16846   148 2192  888 10  7 81  2  0
 2  1 105472 173136      0 15743040 1230 1473 156073  1476 4578 9130 16  9 48 28  0
 3  0 102400 171408      0 15745556 1138  988 115233   997 11852 19220 14  6 51 29  0
 1  1  99840 171344      0 15781020  109   26 10941    28 3697 1526 30  9 59  2  0
 3  0  98560 168364      0 15782332  136  111 175326   147 18973 10230  5  7 67 20  0
 2  1  99584 173204      0 15743112   59  119 86194   121 10619 4688 14 12 66  9  0
 0  3 100352 171512      0 15744404  444  358 255964   373 24782 14740  3 11 48 38  0
 4  1  98560 177800      0 15740604   78   49 234083    50 22548 14530  5 11 48 37  0
 0  3  98560 175692      0 15742360    0    0 183292  7556 16348 12960  7 11 49 33  0
 2  1  98304 989692      0 14944480    8    0 163180     0 3782 6380 17  7 50 25  0
 1  2  98816 169936      0 15747636   47   21 268930    30 24812 14526  3  8 50 39  0
 0  3  98560 163604      0 15753136   37   42 196571    42 21137 16495  5 10 49 36  0
 0  3  98560 161968      0 15755784    0    1 176561  6975 18958 15716  6 12 48 34  0
 3  0  98560 159908      0 15755584    2    5 188232     6 16056 15831  7  9 49 36  0
 1  2  97536 268704      0 15645688   56    2 177898  5512 7525 6064 19  7 50 24  0
 2  2  97536 170308      0 15743820   43   64 248575    64 24670 13917  4 11 48 37  0
 1  2  98048 158960      0 15756744   11   31 179536    40 18684 12991  7 13 48 32  0
 0  3  98048 159028      0 15754632    0    0 230019  8304 21340 17744  3  6 49 43  0
 3  0  98048 182884      0 15730452   54    0 185039    10 5900 9462 12  8 49 32  0
 1  2 100096 167944      0 15749900  283  336 240820   336 22257 12089  8  9 50 33  0
procs -----------memory---------- ---swap-- -----io---- -system-- ------cpu-----
 r  b   swpd   free   buff  cache   si   so    bi    bo   in   cs us sy id wa st
 2  2  98304 186980      0 15732556  147   97 190135   109 18304 13614  6 12 49 33  0
 2  1  98560 169384      0 15750892    9   26 219120  8285 21450 15630  4  9 50 37  0
 3  0  98560 166788      0 15751748   36    0 201126    14 14537 14041  7  9 49 35  0
 0  3  98048 581824      0 15349624   14    0 122319     1 5303 9457 16  7 55 22  0
 1  2 101888 169712      0 15758236  307  345 134113   359 16899 24513 10  7 48 34  0
 1  2 103168 167928      0 15761888  115  242 131989   244 13948 20000 11  6 51 32  0
 3  0 113152 569988      0 15361944   32  681 128130   698 12287 21104 11  5 51 32  0
 1  0 111616 178332      0 15804976  693  114 55684   114 3620 3077 19  8 67  5  0
 1  1 112640 162836      0 15761148  329  345 93056   355 6323 8027  8  5 77 10  0
 3  0 122368 192284      0 15717336  895 1234 72689  1239 10929 12775 21  8 60 11  0
 1  0 105472 173940      0 15806584 1081  453 32411   460 3952 3461 17  7 71  5  0
 1  0  99584 160924      0 15822416  154   93 46983    93 3279  828 15  1 83  1  0
 1  0  99584 162104      0 15821096    6    0  1987    20 1195  211 16  0 83  0  0
 1  0  99584 173488      0 15809632    5    4   134     4 1150  138 16  1 83  0  0
 3  0  99072 192792      0 15744852   17    6 26911    13 3238 2127 17  6 73  4  0
 3  0  98304 243744      0 15408228  262  182 19836   199 8664 6042 23 14 59  4  0
 0  3  98304 699156      0 15290956   12    0  3378    15 3151 3976 25 17 58  0  0
 1  0  98816 169636      0 15790264   35   25 95714    37 2953 3056 19  4 63 14  0
 3  0 108032 163252      0 15705620   26  657 41405   707 5496 8346 18  3 68 11  0
 3  0 144384 157020      0 15672936 1740 3014 125754 16670 11589 19723 13  5 49 33  0
 0  3 105472 170772      0 15672584 2975 1398 121943 53233 4400 8418 10  6 47 38  0
procs -----------memory---------- ---swap-- -----io---- -system-- ------cpu-----
 r  b   swpd   free   buff  cache   si   so    bi    bo   in   cs us sy id wa st
 0  3  99328 1166640      0 14693424  299   22 107553    22 9351 10998 23  4 57 16  0
 2  1  99584 169080      0 15663444   11    5 103256 13668 14254 13727 23  5 50 23  0
 3  0  99584 651456      0 15185452    4    0  3168 76366 4534 3442 37  4 55  4  0
 3  0  99584 711296      0 15142152    0    0   249 85461 4055 3179 38  5 55  3  0
 3  0  99328 1316008      0 14632760   21    0 26307 84864 3968 17758 33  4 58  5  0
 0  1  99584 170804      0 15764396    5    4 123611     9 8723 51100 24  6 60 10  0
 3  0  99328 171356      0 15763944    9    0 121851     2 11796 53942 20  5 66  9  0
 3  0  99328 165296      0 15770480    0    0 126739    12 11979 56048 21  5 64 10  0
 0  1  99328 167296      0 15768120   18   18 101555    21 9643 23028 27  6 56 11  0
 0  3  99328 170520      0 15764264   17    0 131153     7 15798 48774 19  5 67  9  0
 3  0  99072 173752      0 15759716   56    1 133951     4 10813 50658 21  4 67  8  0
 3  0  99072 155760      0 15789032   19   12 148701    19 8982 39715 19  5 66 10  0
 3  0  99072 175624      0 15758064    0    1 84911     1 12592 47355 19  5 70  6  0
 0  1  99328 170224      0 15764232   19   11 89817    12 18221 69003 21  4 71  3  0
 1  1 100352 168300      0 15766328   11   65 121557    66 12738 58891 20  4 73  3  0
 3  0  98304 162572      0 15772100  121   25 105324    29 12119 50246 18  6 70  5  0
 0  1  99584 173964      0 15760768    9   87 102746    91 14442 63711 20  4 72  4  0
 3  0  99584 188272      0 15745048   30    0 105760    10 14344 65522 21  4 72  3  0
 3  0  98816 159080      0 15709352   29   22 120640    22 10215 27847 12  7 63 18  0
 0  3 114432 167836      0 15726664   10 1051 145139  1062 12900 24311 10  7 49 34  0
 2  0  99328 171100      0 15631160 1572  510 52893 18937 6424 10706 14  3 71 12  0
procs -----------memory---------- ---swap-- -----io---- -system-- ------cpu-----
 r  b   swpd   free   buff  cache   si   so    bi    bo   in   cs us sy id wa st
 1  0  99584 172288      0 15627480   36    8  6946    19 3443 4742 25  4 70  1  0
 3  0  99584 326992      0 15528208    3    0     5     0 1535  648 20  2 77  0  0
 2  0  99584 180276      0 15627436    0    0     0    13 2818 4742 27  4 69  0  0
 2  1  98816 175440      0 15762900    8    7 54618     9 3371 5682 17  3 75  6  0
 0  3 100096 174292      0 15759712   30   91 156066    99 8605 9855 10  6 64 20  0
 3  1 104960 172548      0 15759200  486  660 122544   663 11710 13200 16  7 54 23  0
 0  0 112384 235532      0 15767984   33  545 31630   552 8984 7542 30  9 53  8  0
 0  0  99072 215028      0 15792248  902  150 68391   152 3912 3800 10  5 75 10  0
