procs -----------memory---------- ---swap-- -----io---- -system-- ------cpu-----
 r  b   swpd   free   buff  cache   si   so    bi    bo   in   cs us sy id wa st
 1  0  57088 2581212      0 13408608   15   17  6393   614  562 1457  5  2 87  5  0
 1  0  57088 176120      0 15737740    0    2 147774    29 2115 1345 10  3 83  4  0
 1  1  56832 176864      0 15081496   24    0 152076   512 2281 2145  8  3 82  6  0
 0  1  56832 167416      0 15090356    0    0 197180    38 2258 2036  7  3 83  7  0
 0  1  56832 166388      0 15091696    0    0 203877     1 2259 2355  6  3 83  8  0
 0  1  56832 176588      0 15359916    0    0 167496     7 2088 1478  8  3 83  5  0
 1  0  56832 160536      0 15374556    7    0 194643     7 2422 1274 10  3 83  5  0
 1  0  56832 167500      0 15368100    0    0 198691     8 2504 1326 10  3 83  5  0
 1  0  57600 171028      0 15364612    0   49 194602    50 2743 1284 10  3 83  5  0
 3  0  57344 596960      0 15381588   40    0  8543    61 2843  356 41  2 56  0  0
 3  0  57344 595960      0 15382424    1    0     2     1 3074  203 48  2 50  0  0
 3  0  57344 594704      0 15383304   27    0    33    37 3252  187 48  2 50  0  0
 3  0  57344 593052      0 15384200    0    0     4     1 3277  236 48  2 50  0  0
 0  1 114944 169544      0 15776668    0 3838  3902  3849 3281  580 42  3 54  1  0
 3  0  63488 313516      0 15667740 5095 1610 37834  1616 4911 3415 12  4 77  6  0
 0  3  77568 174460      0 15798608   21  977 173569   985 3584 7140 15  7 49 29  0
 0  3  87296 183368      0 15785468  126  686 184783   730 3572 7965 11  7 48 34  0
 0  3 128768 170584      0 15791836   70 2782 181398  2843 3022 8245 11  7 48 34  0
 3  0 146432 162852      0 15796780  160 1282 69386  1285 3360 3966 29  8 50 13  0
 2  1 477440 161124      0 15799640 1175 23168 73429 23173 4729 9242 19 12 59 11  0
 0  3 521728 170600      0 15762308 2141 4223 143553  4225 8606 13032  4  9 48 39  0
procs -----------memory---------- ---swap-- -----io---- -system-- ------cpu-----
 r  b   swpd   free   buff  cache   si   so    bi    bo   in   cs us sy id wa st
 0  2 101120 167916      0 15810108 27977  531 132376   542 9102 15276  3  9 51 36  0
 0  3  99840 167496      0 15799532  119  111 77044   113 6154 14918 14 17 56 13  0
 0  3 106752 164044      0 15790768  981 1025 132519  1034 11553 21375 12  7 49 32  0
 0  3 117760 174360      0 15784224  136  903 135996   906 11216 20890 14  6 50 30  0
 3  0 128512 203972      0 15759380   13  719 90131   733 7073 12378 20  7 51 22  0
 1  0  99328 181708      0 15806740 1634   93 50031    96 6878 2749 12  7 76  4  0
 3  0 100096 181096      0 15807760  115  129 54649   141 2488 3747 10  8 73  9  0
 0  3 112128 165112      0 15792228 1160 1410 155198  1412 8025 12030 14  7 48 30  0
 3  0 101376 168904      0 15796684 1384 1099 68399  1110 11112 11291 25  8 50 17  0
 0  3  99584 158364      0 15814652  179  170 94545   172 11135 6594 23 11 51 14  0
 1  2  99584 156344      0 15806700  196  143 149079   154 18006 8699 13 15 53 20  0
 0  3 101376 175856      0 15785620  416  378 264430   384 24388 15120  3  9 49 40  0
 0  3 100096 176208      0 15787968   58   36 233380    44 21682 14668  4 10 49 37  0
 0  3 100096 193456      0 15772220    9   11 184179  8204 14835 12450  7 10 49 33  0
 2  1  99584 344092      0 15618940   19    0 184993    14 7074 7203 16  8 49 27  0
 1  3  99328 176232      0 15789316   75   31 255315    31 24401 14435  4  9 49 38  0
 0  3  99584 167020      0 15796984   14   35 178726    45 17744 13958  7 11 49 34  0
 0  3  99584 171708      0 15791500    3    0 182344 10037 10588 11221 12  9 49 31  0
 0  3  99584 166388      0 15795768    7   15 220640    21 16766 10049 13  8 49 29  0
 3  0 100352 180436      0 15782632  129  112 213295   112 21342 14259  5 10 48 37  0
 2  1 100608 171180      0 15791060    6    7 166760  8430 13562 11283  8 11 49 32  0
procs -----------memory---------- ---swap-- -----io---- -system-- ------cpu-----
 r  b   swpd   free   buff  cache   si   so    bi    bo   in   cs us sy id wa st
 1  2  99328 1001548      0 14979428   25    0 162072     2 5775 8893 18  8 49 25  0
 1  2 100608 170684      0 15797152  157  194 267458   199 25733 15024  3 10 48 39  0
 1  2  99584 160212      0 15805504  131   67 157874    67 15406 11481  8 13 49 30  0
 3  0  99584 170764      0 15795892    3    0 175900  9441 9544 9813 10 10 49 32  0
 3  1  98816 367284      0 15611524    7    0 124342     2 6995 12282 16  7 52 24  0
 1  2 102144 178536      0 15797384  191  300 133322   308 16211 23942 11  7 49 34  0
 0  3 107776 173464      0 15800296  306  548 127969   550 14406 20216 13  6 51 30  0
 3  0 114432 573244      0 15400088   17  470 69074   477 11069 11629 24 10 51 14  0
 1  1 111872 180740      0 15790408  818  130 92109   133 2842 3252  8  6 77  9  0
 3  0 116480 176504      0 15762132  519  715 95518   724 10383 13583 12  6 70 12  0
 3  0 119040 184144      0 15769548  421  516 34359   519 6899 6618 31  9 53  6  0
 1  0 101376 163208      0 15831240 1189  663 39812   674 4093 3868 10  5 79  6  0
 1  0  99328 169180      0 15826256   62   45 40941    47 2775  270 16  1 83  0  0
 1  0  99328 169056      0 15826320    2    0     2    14 1124  206 17  0 83  0  0
 1  0  99328 168032      0 15826720   42    0    71     0 1182  243 16  1 83  0  0
 3  0  98816 170680      0 15808132   27    8 26029    16 3589 2180 19  7 71  4  0
 1  0  98816 555228      0 15385860  293  289 24937   301 8876 7338 23 15 56  6  0
 3  0  98560 166148      0 15819912   18    0 34069    10 3273 4224 25 15 55  4  0
 3  0  98560 169388      0 15785388   43   22 64989    36 2371 2052 20  4 67  9  0
 1  3 123392 161096      0 15742024    9 1658 68744  1674 7917 13344 17  4 62 17  0
 0  4 158976 138412      0 15727100 2488 3366 103138  4190 8242 13516 10  4 47 39  0
procs -----------memory---------- ---swap-- -----io---- -system-- ------cpu-----
 r  b   swpd   free   buff  cache   si   so    bi    bo   in   cs us sy id wa st
 0  3  98560 175160      0 15706216 3251  733 117837 60071 6458 11067 10  5 47 37  0
 2  1  98560 1292844      0 14590536    2    1 97757     1 8201 10073 25  4 56 14  0
 3  0  98816 182328      0 15687424    2   19 103437 13683 14011 14092 22  5 50 23  0
 3  0  98816 895652      0 14980880    0    1  9984 76366 5738 4029 37  4 54  5  0
 3  0  98816 998460      0 14901324    0    0   310 90027 3809 3243 39  4 53  3  0
 3  0  98816 1461008      0 14533492   50    0 16210 90019 4088 14565 36  4 55  4  0
 3  0  98816 169652      0 15809208    8    4 111803    14 7766 61946 27  6 58  9  0
 0  1  98560 170240      0 15806248   12    5 119190     7 11339 58549 22  5 64  9  0
 2  0  98560 168064      0 15808500    0    0 121177    28 12031 55117 21  4 67  9  0
 3  0  98560 166820      0 15809628   38   16 111471    17 9131 24856 25  6 56 13  0
 3  0  98560 164756      0 15812364    0    0 121032    11 15757 50887 23  5 65  8  0
 0  1  98560 173836      0 15802632    0    0 127735     3 11736 51706 21  4 66  8  0
 0  1 100096 172644      0 15805916    4   83 160469    92 9387 46728 19  4 68  8  0
 3  0  99072 156236      0 15820900   57    2 95101     5 10619 41556 18  5 68  9  0
 3  0  99072 170976      0 15805592    3    0 101932    10 17810 63070 21  5 71  3  0
 3  0 100096 180936      0 15796560    6   76 114334    79 16436 64385 21  4 71  3  0
 3  0  99328 181244      0 15797060   46   43 97286    46 10192 54583 20  6 68  6  0
 0  1  99840 163988      0 15812804   88   71 83718    72 12265 66078 22  5 69  4  0
 3  0 101120 183280      0 15794028   19   86 113405    88 15448 63326 22  4 72  3  0
 3  0  98048 176940      0 15800696  230    2 114832    12 11910 47337 17  6 65 12  0
 0  3 106752 166136      0 15719892   14  576 125856   577 11481 22465 10  6 52 32  0
procs -----------memory---------- ---swap-- -----io---- -system-- ------cpu-----
 r  b   swpd   free   buff  cache   si   so    bi    bo   in   cs us sy id wa st
 2  0  99328 176440      0 15686320 1088  522 63816   531 7958 12505 16  3 67 14  0
 2  0  98560 189212      0 15678528   98   32 10391  6240 3148 3322 24  3 71  2  0
 1  0  98560 464980      0 15493000    0    0     0    13 1854 2977 20  0 80  0  0
 1  0  98560 461016      0 15494892    1    0     1     2 2575 4071 26  3 71  0  0
 1  0  98560 466708      0 15490252    0    0     6    10 2611 4278 26  4 70  0  0
 1  2  97536 172584      0 15805408  101   60 94824    61 4101 4075 12  3 75 10  0
 3  0 100864 180600      0 15789556  142  332 174845   338 9883 11868 12  7 57 25  0
 1  0 103936 182108      0 15802608  468  548 103441   550 10909 13882 18  6 53 22  0
 0  3  97536 164324      0 15812944  628  309 47323   322 5476 4341 31 10 52  7  0
 0  0  97536 198152      0 15806100   11    0 25047     5 1661 1595  6  3 88  3  0
