     16183936 K total memory
       180092 K used memory
      9948964 K active memory
      5696376 K inactive memory
       202920 K free memory
            0 K buffer memory
     15800924 K swap cache
      8191996 K total swap
        98048 K used swap
      8093948 K free swap
       281682 non-nice user cpu ticks
           18 nice user cpu ticks
       103725 system cpu ticks
      2883955 idle cpu ticks
       259737 IO-wait cpu ticks
            0 IRQ cpu ticks
         3364 softirq cpu ticks
            0 stolen cpu ticks
    319097873 pages paged in
     23536352 pages paged out
       305927 pages swapped in
       326329 pages swapped out
     26607330 interrupts
     60506056 CPU context switches
   1557998012 boot time
        32866 forks
