     16183936 K total memory
       204620 K used memory
      8464136 K active memory
      6839292 K inactive memory
       532176 K free memory
            0 K buffer memory
     15447140 K swap cache
      8191996 K total swap
        97280 K used swap
      8094716 K free swap
       181059 non-nice user cpu ticks
           18 nice user cpu ticks
        61193 system cpu ticks
      2531066 idle cpu ticks
       148074 IO-wait cpu ticks
            0 IRQ cpu ticks
         1960 softirq cpu ticks
            0 stolen cpu ticks
    201437097 pages paged in
     17281060 pages paged out
       114006 pages swapped in
       138038 pages swapped out
     16321609 interrupts
     41059999 CPU context switches
   1557998012 boot time
        32257 forks
