     16183936 K total memory
       189620 K used memory
     11336136 K active memory
      4314748 K inactive memory
       188596 K free memory
            0 K buffer memory
     15805720 K swap cache
      8191996 K total swap
        97536 K used swap
      8094460 K free swap
       299348 non-nice user cpu ticks
           18 nice user cpu ticks
       107807 system cpu ticks
      2942245 idle cpu ticks
       269983 IO-wait cpu ticks
            0 IRQ cpu ticks
         3498 softirq cpu ticks
            0 stolen cpu ticks
    328780369 pages paged in
     23666000 pages paged out
       315443 pages swapped in
       335249 pages swapped out
     27525338 interrupts
     61782229 CPU context switches
   1557998012 boot time
        32965 forks
