     16183936 K total memory
       176900 K used memory
     11442868 K active memory
      4208480 K inactive memory
       196856 K free memory
            0 K buffer memory
     15810180 K swap cache
      8191996 K total swap
        96256 K used swap
      8095740 K free swap
       531560 non-nice user cpu ticks
           18 nice user cpu ticks
       205289 system cpu ticks
      3987374 idle cpu ticks
       542957 IO-wait cpu ticks
            0 IRQ cpu ticks
         6842 softirq cpu ticks
            0 stolen cpu ticks
    626129377 pages paged in
     40275620 pages paged out
       544055 pages swapped in
       570035 pages swapped out
     52995092 interrupts
    102937763 CPU context switches
   1557998012 boot time
        34429 forks
