     16183936 K total memory
       178916 K used memory
     12282640 K active memory
      3335960 K inactive memory
       229108 K free memory
            0 K buffer memory
     15775912 K swap cache
      8191996 K total swap
       100352 K used swap
      8091644 K free swap
       521905 non-nice user cpu ticks
           18 nice user cpu ticks
       203721 system cpu ticks
      3946954 idle cpu ticks
       541288 IO-wait cpu ticks
            0 IRQ cpu ticks
         6789 softirq cpu ticks
            0 stolen cpu ticks
    623532905 pages paged in
     40261600 pages paged out
       540435 pages swapped in
       566696 pages swapped out
     52673320 interrupts
    102650895 CPU context switches
   1557998012 boot time
        34371 forks
