     16183936 K total memory
       185880 K used memory
      9793648 K active memory
      5895420 K inactive memory
       184960 K free memory
            0 K buffer memory
     15813096 K swap cache
      8191996 K total swap
        97536 K used swap
      8094460 K free swap
       623764 non-nice user cpu ticks
           18 nice user cpu ticks
       231970 system cpu ticks
      4330829 idle cpu ticks
       594730 IO-wait cpu ticks
            0 IRQ cpu ticks
         7573 softirq cpu ticks
            0 stolen cpu ticks
    701396105 pages paged in
     49898868 pages paged out
       609638 pages swapped in
       633919 pages swapped out
     60415006 interrupts
    135234370 CPU context switches
   1557998012 boot time
        34834 forks
