     16183936 K total memory
       187112 K used memory
     13041392 K active memory
      1263720 K inactive memory
      1535016 K free memory
            0 K buffer memory
     14461808 K swap cache
      8191996 K total swap
       102144 K used swap
      8089852 K free swap
       520115 non-nice user cpu ticks
           18 nice user cpu ticks
       202754 system cpu ticks
      3936801 idle cpu ticks
       540419 IO-wait cpu ticks
            0 IRQ cpu ticks
         6784 softirq cpu ticks
            0 stolen cpu ticks
    621972433 pages paged in
     40260276 pages paged out
       539666 pages swapped in
       566421 pages swapped out
     52589909 interrupts
    102312065 CPU context switches
   1557998012 boot time
        34335 forks
